I:\RAGHAVENDRA\MY TRIAL PROGRAMS\TEMPERATURE_VARITAION.C\DEBUG\TEMPERATURE_VARITAION.C.EXE
I:\RAGHAVENDRA\MY TRIAL PROGRAMS\TEMPERATURE_VARITAION.C\DEBUG\TEMPERATURE_VARITAION.C.ILK
I:\RAGHAVENDRA\MY TRIAL PROGRAMS\TEMPERATURE_VARITAION.C\DEBUG\TEMPERATURE_VARITAION.C.PDB
I:\Raghavendra\my trial programs\temperature_varitaion.c\temperature_varitaion.c\Debug\cl.command.1.tlog
I:\Raghavendra\my trial programs\temperature_varitaion.c\temperature_varitaion.c\Debug\CL.read.1.tlog
I:\Raghavendra\my trial programs\temperature_varitaion.c\temperature_varitaion.c\Debug\CL.write.1.tlog
I:\Raghavendra\my trial programs\temperature_varitaion.c\temperature_varitaion.c\Debug\link.8120.read.1.tlog
I:\Raghavendra\my trial programs\temperature_varitaion.c\temperature_varitaion.c\Debug\link.8120.write.1.tlog
I:\Raghavendra\my trial programs\temperature_varitaion.c\temperature_varitaion.c\Debug\link.8120-cvtres.read.1.tlog
I:\Raghavendra\my trial programs\temperature_varitaion.c\temperature_varitaion.c\Debug\link.8120-cvtres.write.1.tlog
I:\Raghavendra\my trial programs\temperature_varitaion.c\temperature_varitaion.c\Debug\link.command.1.tlog
I:\Raghavendra\my trial programs\temperature_varitaion.c\temperature_varitaion.c\Debug\link.read.1.tlog
I:\Raghavendra\my trial programs\temperature_varitaion.c\temperature_varitaion.c\Debug\link.write.1.tlog
I:\Raghavendra\my trial programs\temperature_varitaion.c\temperature_varitaion.c\Debug\link-cvtres.read.1.tlog
I:\Raghavendra\my trial programs\temperature_varitaion.c\temperature_varitaion.c\Debug\link-cvtres.write.1.tlog
I:\Raghavendra\my trial programs\temperature_varitaion.c\temperature_varitaion.c\Debug\mt.command.1.tlog
I:\Raghavendra\my trial programs\temperature_varitaion.c\temperature_varitaion.c\Debug\mt.read.1.tlog
I:\Raghavendra\my trial programs\temperature_varitaion.c\temperature_varitaion.c\Debug\mt.write.1.tlog
I:\Raghavendra\my trial programs\temperature_varitaion.c\temperature_varitaion.c\Debug\rc.command.1.tlog
I:\Raghavendra\my trial programs\temperature_varitaion.c\temperature_varitaion.c\Debug\rc.read.1.tlog
I:\Raghavendra\my trial programs\temperature_varitaion.c\temperature_varitaion.c\Debug\rc.write.1.tlog
I:\RAGHAVENDRA\MY TRIAL PROGRAMS\TEMPERATURE_VARITAION.C\TEMPERATURE_VARITAION.C\DEBUG\STDAFX.OBJ
I:\RAGHAVENDRA\MY TRIAL PROGRAMS\TEMPERATURE_VARITAION.C\TEMPERATURE_VARITAION.C\DEBUG\TEMPERATURE_VARITAION.C.EXE.EMBED.MANIFEST
I:\RAGHAVENDRA\MY TRIAL PROGRAMS\TEMPERATURE_VARITAION.C\TEMPERATURE_VARITAION.C\DEBUG\TEMPERATURE_VARITAION.C.EXE.EMBED.MANIFEST.RES
I:\RAGHAVENDRA\MY TRIAL PROGRAMS\TEMPERATURE_VARITAION.C\TEMPERATURE_VARITAION.C\DEBUG\TEMPERATURE_VARITAION.C.EXE.INTERMEDIATE.MANIFEST
I:\RAGHAVENDRA\MY TRIAL PROGRAMS\TEMPERATURE_VARITAION.C\TEMPERATURE_VARITAION.C\DEBUG\TEMPERATURE_VARITAION.C.OBJ
I:\RAGHAVENDRA\MY TRIAL PROGRAMS\TEMPERATURE_VARITAION.C\TEMPERATURE_VARITAION.C\DEBUG\TEMPERATURE_VARITAION.C.PCH
I:\Raghavendra\my trial programs\temperature_varitaion.c\temperature_varitaion.c\Debug\temperature_varitaion.c.vcxprojResolveAssemblyReference.cache
I:\Raghavendra\my trial programs\temperature_varitaion.c\temperature_varitaion.c\Debug\temperature_varitaion.c.write.1.tlog
I:\Raghavendra\my trial programs\temperature_varitaion.c\temperature_varitaion.c\Debug\temperature_varitaion.c_manifest.rc
I:\Raghavendra\my trial programs\temperature_varitaion.c\temperature_varitaion.c\Debug\vc100.idb
I:\RAGHAVENDRA\MY TRIAL PROGRAMS\TEMPERATURE_VARITAION.C\TEMPERATURE_VARITAION.C\DEBUG\VC100.PDB
